[2018-09-04 15:31:07] my_logger.INFO: GET /sports [] []
[2018-09-04 15:31:38] my_logger.INFO: GET /sports [] []
[2018-09-04 15:33:38] my_logger.INFO: GET /sports [] []
[2018-09-04 15:33:52] my_logger.INFO: GET /sports [] []
[2018-09-04 15:43:04] my_logger.INFO: GET /sports [] []
[2018-09-04 15:43:06] my_logger.INFO: GET /sports [] []
[2018-09-04 15:43:41] my_logger.INFO: GET /sports [] []
[2018-09-04 23:22:10] my_logger.INFO: GET /sports/1 [] []
[2018-09-04 23:22:18] my_logger.INFO: GET /sports [] []
[2018-09-04 23:23:04] my_logger.INFO: GET /sports/1 [] []
[2018-09-04 23:29:31] my_logger.INFO: GET /sports [] []
[2018-09-04 23:29:31] my_logger.INFO: GET /sports/1 [] []
[2018-09-04 23:29:31] my_logger.INFO: GET /sports/1 [] []
[2018-09-04 23:29:31] my_logger.INFO: PUT /sports/1 [] []
[2018-09-04 23:29:31] my_logger.INFO: PUT /sports/1 [] []
[2018-09-04 23:29:31] my_logger.INFO: PUT /sports/1 [] []
[2018-09-04 23:29:31] my_logger.INFO: DELETE /sports/1 [] []
[2018-09-04 23:29:31] my_logger.INFO: DELETE /sports/1 [] []
[2018-09-12 14:49:18] my_logger.INFO: GET /sports [] []
[2018-09-12 14:49:46] my_logger.INFO: GET /sports [] []
[2018-09-12 14:50:33] my_logger.INFO: GET /sports [] []
[2018-09-12 14:51:31] my_logger.INFO: GET /sports [] []
[2018-09-12 14:51:32] my_logger.INFO: GET /sports [] []
[2018-09-12 14:58:05] my_logger.INFO: GET /sports [] []
[2018-09-13 15:33:18] my_logger.INFO: GET /sports [] []
[2018-09-13 16:34:44] my_logger.INFO: GET /sports [] []
[2018-09-13 16:37:26] my_logger.INFO: GET /sports [] []
[2018-09-13 16:37:30] my_logger.INFO: GET /sports [] []
[2018-09-13 16:40:06] my_logger.INFO: GET /sports [] []
[2018-09-13 16:40:07] my_logger.INFO: GET /sports [] []
[2018-09-13 16:40:11] my_logger.INFO: GET /sports [] []
[2018-09-13 16:40:49] my_logger.INFO: GET /sports [] []
[2018-09-13 16:41:10] my_logger.INFO: GET /sports [] []
[2018-09-13 16:41:16] my_logger.INFO: GET /sports [] []
[2018-09-13 16:41:16] my_logger.INFO: GET /sports [] []
[2018-09-13 16:42:00] my_logger.INFO: GET /sports [] []
[2018-09-13 16:54:57] my_logger.INFO: GET /sports [] []
[2018-09-13 16:55:49] my_logger.INFO: GET /sports [] []
[2018-09-13 16:56:49] my_logger.INFO: GET /sports [] []
[2018-09-13 16:58:49] my_logger.INFO: GET /sports [] []
[2018-09-13 17:02:13] my_logger.INFO: GET /sports [] []
[2018-09-13 22:01:03] my_logger.INFO: GET /sports [] []
[2018-09-13 22:01:07] my_logger.INFO: GET /sports/3 [] []
[2018-09-13 22:01:16] my_logger.INFO: GET /sports [] []
[2018-09-14 03:32:51] my_logger.INFO: GET /sports [] []
[2018-09-14 03:32:51] my_logger.INFO: GET /sports [] []
[2018-09-14 03:33:51] my_logger.INFO: GET /sports [] []
[2018-09-14 03:37:38] my_logger.INFO: GET /sports [] []
[2018-09-14 03:38:37] my_logger.INFO: GET /sports [] []
[2018-09-14 03:38:43] my_logger.INFO: GET /sports [] []
[2018-09-14 03:38:57] my_logger.INFO: GET /sports [] []
[2018-09-14 03:39:01] my_logger.INFO: GET /sports [] []
[2018-09-14 03:43:30] my_logger.INFO: GET /sports [] []
[2018-09-14 03:45:44] my_logger.INFO: GET /sports [] []
[2018-09-14 03:45:46] my_logger.INFO: GET /sports [] []
[2018-09-14 04:04:33] my_logger.INFO: GET /sports [] []
[2018-09-14 04:20:34] my_logger.INFO: GET /sports [] []
[2018-09-14 04:24:49] my_logger.INFO: GET /sports [] []
[2018-09-14 04:24:49] my_logger.INFO: GET /sports [] []
[2018-09-14 04:26:21] my_logger.INFO: GET /sports [] []
[2018-09-14 04:30:06] my_logger.INFO: GET /sports [] []
[2018-09-14 04:35:25] my_logger.INFO: GET /sports [] []
[2018-09-14 05:00:04] my_logger.INFO: GET /sports [] []
[2018-09-14 05:00:22] my_logger.INFO: GET /sports [] []
[2018-09-14 05:00:51] my_logger.INFO: GET /sports [] []
[2018-09-14 05:02:17] my_logger.INFO: GET /sports [] []
[2018-09-14 05:02:23] my_logger.INFO: GET /sports [] []
[2018-09-14 05:02:57] my_logger.INFO: GET /sports [] []
[2018-09-14 05:14:40] my_logger.INFO: GET /sports/1 [] []
[2018-09-14 05:14:49] my_logger.INFO: GET /sports [] []
[2018-09-14 05:15:14] my_logger.INFO: GET /sports [] []
[2018-09-14 05:16:23] my_logger.INFO: GET /sports [] []
[2018-09-14 05:19:31] my_logger.INFO: GET /sports [] []
[2018-09-14 05:24:31] my_logger.INFO: GET /sports/new [] []
[2018-09-14 05:24:38] my_logger.INFO: GET /sports [] []
[2018-09-14 05:28:38] my_logger.INFO: GET /sports/new [] []
[2018-09-14 05:28:50] my_logger.INFO: GET /sports [] []
[2018-09-14 05:35:23] my_logger.INFO: GET /sports [] []
[2018-09-14 05:35:28] my_logger.INFO: GET /sports [] []
[2018-09-14 05:37:33] my_logger.INFO: GET /sports [] []
[2018-09-14 05:38:39] my_logger.INFO: GET /sports [] []
[2018-09-14 05:44:20] my_logger.INFO: GET /sports [] []
[2018-09-14 05:45:54] my_logger.INFO: GET /sports/5 [] []
[2018-09-14 05:45:56] my_logger.INFO: GET /sports/5 [] []
[2018-09-14 05:46:17] my_logger.INFO: GET /sports/5 [] []
[2018-09-14 05:46:26] my_logger.INFO: GET /sports/5 [] []
[2018-09-14 05:46:34] my_logger.INFO: GET /sports [] []
[2018-09-14 05:46:36] my_logger.INFO: GET /sports/5 [] []
[2018-09-14 05:46:41] my_logger.INFO: GET /sports/5 [] []
[2018-09-14 05:47:18] my_logger.INFO: GET /sports/5 [] []
[2018-09-14 05:47:22] my_logger.INFO: GET /sports/5 [] []
[2018-09-14 05:47:30] my_logger.INFO: GET /sports/5 [] []
[2018-09-14 05:48:00] my_logger.INFO: GET /sports [] []
[2018-09-14 05:48:16] my_logger.INFO: POST /sports/new [] []
[2018-09-14 05:48:41] my_logger.INFO: POST /sports/new [] []
[2018-09-14 05:53:40] my_logger.INFO: POST /sports/new [] []
[2018-09-14 05:54:12] my_logger.INFO: POST /sports/new [] []
[2018-09-14 05:56:24] my_logger.INFO: POST /sports/new [] []
[2018-09-14 05:56:30] my_logger.INFO: POST /sports/new [] []
[2018-09-14 05:56:35] my_logger.INFO: POST /sports/new [] []
[2018-09-14 05:56:38] my_logger.INFO: POST /sports/new [] []
[2018-09-14 05:56:50] my_logger.INFO: POST /sports/new [] []
[2018-09-14 05:57:34] my_logger.INFO: POST /sports/new [] []
[2018-09-14 05:57:57] my_logger.INFO: POST /sports/new [] []
[2018-09-14 05:57:57] my_logger.INFO: GET /sports [] []
[2018-09-14 05:58:02] my_logger.INFO: DELETE /sports/12 [] []
[2018-09-14 05:58:18] my_logger.INFO: DELETE /sports/13 [] []
[2018-09-14 05:58:20] my_logger.INFO: GET /sports [] []
[2018-09-14 05:58:28] my_logger.INFO: POST /sports/new [] []
[2018-09-14 05:58:28] my_logger.INFO: GET /sports [] []
[2018-09-14 05:58:44] my_logger.INFO: GET /sports [] []
[2018-09-14 05:58:46] my_logger.INFO: DELETE /sports/14 [] []
[2018-09-14 05:58:49] my_logger.INFO: GET /sports [] []
[2018-09-14 05:59:18] my_logger.INFO: GET /sports [] []
[2018-09-14 05:59:20] my_logger.INFO: POST /sports/new [] []
[2018-09-14 05:59:20] my_logger.INFO: GET /sports [] []
[2018-09-14 05:59:25] my_logger.INFO: DELETE /sports/15 [] []
[2018-09-14 05:59:26] my_logger.INFO: GET /sports [] []
[2018-09-14 05:59:36] my_logger.INFO: GET /sports/5 [] []
[2018-09-14 05:59:38] my_logger.INFO: POST /sports/new [] []
[2018-09-14 05:59:39] my_logger.INFO: GET /sports [] []
[2018-09-14 05:59:46] my_logger.INFO: GET /sports [] []
[2018-09-14 05:59:50] my_logger.INFO: DELETE /sports/16 [] []
[2018-09-14 05:59:52] my_logger.INFO: GET /sports [] []
[2018-09-14 05:59:53] my_logger.INFO: GET /sports/5 [] []
[2018-09-14 06:00:00] my_logger.INFO: POST /sports/new [] []
[2018-09-14 06:00:00] my_logger.INFO: GET /sports [] []
[2018-09-14 06:00:02] my_logger.INFO: DELETE /sports/17 [] []
[2018-09-14 06:00:04] my_logger.INFO: GET /sports [] []
[2018-09-14 06:02:13] my_logger.INFO: GET /sports/5 [] []
[2018-09-14 06:02:21] my_logger.INFO: PUT /sports/5 [] []
[2018-09-14 06:02:21] my_logger.INFO: GET /sports [] []
[2018-09-14 06:02:26] my_logger.INFO: GET /sports/5 [] []
[2018-09-14 06:02:36] my_logger.INFO: PUT /sports/5 [] []
[2018-09-14 06:02:37] my_logger.INFO: GET /sports [] []
[2018-09-14 06:04:17] my_logger.INFO: GET /sports [] []
[2018-09-14 06:04:18] my_logger.INFO: GET /sports/5 [] []
[2018-09-14 06:04:24] my_logger.INFO: PUT /sports/5 [] []
[2018-09-14 06:04:24] my_logger.INFO: GET /sports [] []
[2018-09-14 06:04:26] my_logger.INFO: GET /sports/5 [] []
[2018-09-14 06:04:36] my_logger.INFO: PUT /sports/5 [] []
[2018-09-14 06:04:36] my_logger.INFO: GET /sports [] []
[2018-09-14 06:05:19] my_logger.INFO: GET /sports [] []
[2018-09-14 06:05:20] my_logger.INFO: GET /sports/5 [] []
[2018-09-14 06:05:21] my_logger.INFO: PUT /sports/5 [] []
[2018-09-14 06:05:22] my_logger.INFO: GET /sports [] []
[2018-09-14 06:05:23] my_logger.INFO: GET /sports/5 [] []
[2018-09-14 06:05:25] my_logger.INFO: PUT /sports/5 [] []
[2018-09-14 06:05:25] my_logger.INFO: GET /sports [] []
[2018-09-14 06:08:16] my_logger.INFO: GET /sports/1 [] []
[2018-09-14 06:08:18] my_logger.INFO: GET /sports/4 [] []
[2018-09-14 06:08:20] my_logger.INFO: GET /sports/5 [] []
[2018-09-14 11:40:11] my_logger.INFO: GET /sports [] []
[2018-09-14 11:40:17] my_logger.INFO: GET /sports [] []
[2018-09-14 11:40:18] my_logger.INFO: GET /sports/1 [] []
[2018-09-14 11:41:11] my_logger.INFO: POST /sports/new [] []
[2018-09-14 11:41:11] my_logger.INFO: GET /sports [] []
[2018-09-14 12:29:02] my_logger.INFO: GET /sports [] []
[2018-09-14 12:29:04] my_logger.INFO: GET /sports/1 [] []
[2018-09-14 12:29:08] my_logger.INFO: GET /sports/2 [] []
[2018-09-14 12:29:16] my_logger.INFO: GET /sports/18 [] []
[2018-09-14 12:39:12] my_logger.INFO: POST /sports/new [] []
[2018-09-14 12:39:12] my_logger.INFO: GET /sports [] []
[2018-09-14 12:51:56] my_logger.INFO: GET /sports [] []
[2018-09-14 12:52:00] my_logger.INFO: GET /sports/1 [] []
[2018-09-14 12:53:06] my_logger.INFO: GET /sports [] []
